<?xml version="1.0" encoding="UTF-8"?>
<!-- Generated by org.testng.reporters.JUnitReportReporter -->
<testsuite hostname="DESKTOP-T4KLA5G" failures="0" tests="1" name="TestNG_Vndr_Prdt.CreatePrdtwithDropDsTest" time="24.386" errors="0" timestamp="2023-11-23T13:44:04 IST" skipped="0">
  <testcase classname="TestNG_Vndr_Prdt.CreatePrdtwithDropDsTest" name="CreatePrdtwithDropDs" time="24.386"/>
</testsuite> <!-- TestNG_Vndr_Prdt.CreatePrdtwithDropDsTest -->
