<?xml version="1.0" encoding="UTF-8"?>
<!-- Generated by org.testng.reporters.JUnitReportReporter -->
<testsuite hostname="DESKTOP-T4KLA5G" failures="0" tests="1" name="Asserts.SoftAssert" time="0.017" errors="0" timestamp="2023-10-31T17:00:10 IST" skipped="0">
  <testcase classname="Asserts.SoftAssert" name="softassertPractise" time="0.017"/>
</testsuite> <!-- Asserts.SoftAssert -->
