<?xml version="1.0" encoding="UTF-8"?>
<!-- Generated by org.testng.reporters.JUnitReportReporter -->
<testsuite hostname="DESKTOP-T4KLA5G" failures="0" tests="1" name="TestNG_Vndr_Prdt.CreateProductWithCategoryTest" time="26.752" errors="0" timestamp="2023-11-01T13:12:42 IST" skipped="0">
  <testcase classname="TestNG_Vndr_Prdt.CreateProductWithCategoryTest" name="CreateProductWithCategoryTest" time="26.752"/>
</testsuite> <!-- TestNG_Vndr_Prdt.CreateProductWithCategoryTest -->
