<?xml version="1.0" encoding="UTF-8"?>
<!-- Generated by org.testng.reporters.JUnitReportReporter -->
<testsuite hostname="DESKTOP-T4KLA5G" failures="0" tests="1" name="Asserts.Hardassert" time="0.016" errors="0" timestamp="2023-10-30T11:09:52 IST" skipped="0">
  <testcase classname="Asserts.Hardassert" name="Practise" time="0.016"/>
</testsuite> <!-- Asserts.Hardassert -->
