<?xml version="1.0" encoding="UTF-8"?>
<!-- Generated by org.testng.reporters.JUnitReportReporter -->
<testsuite hostname="DESKTOP-T4KLA5G" failures="0" tests="1" name="TestNG_Org_Cont.CreateOrganizationTest" time="29.277" errors="0" timestamp="2023-10-31T18:16:31 IST" skipped="0">
  <testcase classname="TestNG_Org_Cont.CreateOrganizationTest" name="CreateOrganization" time="29.277"/>
</testsuite> <!-- TestNG_Org_Cont.CreateOrganizationTest -->
