<?xml version="1.0" encoding="UTF-8"?>
<!-- Generated by org.testng.reporters.JUnitReportReporter -->
<testsuite hostname="DESKTOP-T4KLA5G" failures="0" tests="1" name="Practise.CreateContactsDetailsTest" time="25.869" errors="0" timestamp="2023-10-25T10:55:50 IST" skipped="0">
  <testcase classname="Practise.CreateContactsDetailsTest" name="CreateContactsDetailsTest" time="25.869"/>
  <system-out/>
</testsuite> <!-- Practise.CreateContactsDetailsTest -->
