<?xml version="1.0" encoding="UTF-8"?>
<!-- Generated by org.testng.reporters.JUnitReportReporter -->
<testsuite hostname="DESKTOP-T4KLA5G" failures="0" tests="1" name="Asserts.CreateContactsDetailsTest" time="29.055" errors="0" timestamp="2023-10-31T17:09:29 IST" skipped="0">
  <testcase classname="Asserts.CreateContactsDetailsTest" name="CreateContactsDetails" time="29.055"/>
</testsuite> <!-- Asserts.CreateContactsDetailsTest -->
