<?xml version="1.0" encoding="UTF-8"?>
<!-- Generated by org.testng.reporters.JUnitReportReporter -->
<testsuite hostname="DESKTOP-T4KLA5G" failures="0" tests="1" name="Practise.CreateContactsDetails" time="45.704" errors="0" timestamp="2023-10-27T13:19:58 IST" skipped="0">
  <testcase classname="Practise.CreateContactsDetails" name="CreateContactsDetails" time="45.704"/>
</testsuite> <!-- Practise.CreateContactsDetails -->
