<?xml version="1.0" encoding="UTF-8"?>
<!-- Generated by org.testng.reporters.JUnitReportReporter -->
<testsuite hostname="DESKTOP-T4KLA5G" failures="0" tests="1" name="TestNG.CreateOrgwithIndAndTypeTest" time="19.974" errors="0" timestamp="2023-10-27T14:47:05 IST" skipped="0">
  <testcase classname="TestNG.CreateOrgwithIndAndTypeTest" name="CreateOrgwithIndAndType" time="19.974"/>
</testsuite> <!-- TestNG.CreateOrgwithIndAndTypeTest -->
