<?xml version="1.0" encoding="UTF-8"?>
<!-- Generated by org.testng.reporters.JUnitReportReporter -->
<testsuite hostname="DESKTOP-T4KLA5G" failures="0" tests="3" name="Practise.TestNG_Practise" time="0.023" errors="0" timestamp="2023-10-27T12:28:48 IST" skipped="0">
  <testcase classname="Practise.TestNG_Practise" name="sampleTest" time="0.017"/>
  <testcase classname="Practise.TestNG_Practise" name="sampleT2" time="0.003"/>
  <testcase classname="Practise.TestNG_Practise" name="sample3" time="0.003"/>
</testsuite> <!-- Practise.TestNG_Practise -->
