<?xml version="1.0" encoding="UTF-8"?>
<!-- Generated by org.testng.reporters.JUnitReportReporter -->
<testsuite hostname="DESKTOP-T4KLA5G" failures="0" tests="1" name="TestNG_Org_Cont.CreateContactsDetailsTest" time="39.274" errors="0" timestamp="2023-11-08T17:21:27 IST" skipped="0">
  <testcase classname="TestNG_Org_Cont.CreateContactsDetailsTest" name="CreateContactsDetails" time="39.274"/>
</testsuite> <!-- TestNG_Org_Cont.CreateContactsDetailsTest -->
