<?xml version="1.0" encoding="UTF-8"?>
<!-- Generated by org.testng.reporters.JUnitReportReporter -->
<testsuite hostname="DESKTOP-T4KLA5G" failures="0" tests="3" name="DataProvider.DataProviderTestNG" time="0.012" errors="0" timestamp="2023-10-31T09:57:45 IST" skipped="0">
  <testcase classname="DataProvider.DataProviderTestNG" name="readData" time="0.007"/>
  <testcase classname="DataProvider.DataProviderTestNG" name="readData" time="0.002"/>
  <testcase classname="DataProvider.DataProviderTestNG" name="readData" time="0.003"/>
</testsuite> <!-- DataProvider.DataProviderTestNG -->
