<?xml version="1.0" encoding="UTF-8"?>
<!-- Generated by org.testng.reporters.JUnitReportReporter -->
<testsuite hostname="DESKTOP-T4KLA5G" failures="0" tests="1" name="TestNG.CreateOrgWithIndustryTest" time="23.394" errors="0" timestamp="2023-10-27T14:12:47 IST" skipped="0">
  <testcase classname="TestNG.CreateOrgWithIndustryTest" name="CreateOrgWithIndustry" time="23.394"/>
</testsuite> <!-- TestNG.CreateOrgWithIndustryTest -->
