<?xml version="1.0" encoding="UTF-8"?>
<!-- Generated by org.testng.reporters.JUnitReportReporter -->
<testsuite hostname="DESKTOP-T4KLA5G" failures="0" tests="1" name="TestNG_Org_Cont.CreateContWithOrgTest" time="38.967" errors="0" timestamp="2023-11-01T15:07:22 IST" skipped="0">
  <testcase classname="TestNG_Org_Cont.CreateContWithOrgTest" name="CreateContWithOrg" time="38.967"/>
</testsuite> <!-- TestNG_Org_Cont.CreateContWithOrgTest -->
