<?xml version="1.0" encoding="UTF-8"?>
<!-- Generated by org.testng.reporters.JUnitReportReporter -->
<testsuite hostname="DESKTOP-T4KLA5G" failures="0" tests="1" name="TestNG_Vndr_Prdt.createVendorTest" time="26.359" errors="0" timestamp="2023-11-01T13:13:23 IST" skipped="0">
  <testcase classname="TestNG_Vndr_Prdt.createVendorTest" name="createVendorTest" time="26.359"/>
</testsuite> <!-- TestNG_Vndr_Prdt.createVendorTest -->
