<?xml version="1.0" encoding="UTF-8"?>
<!-- Generated by org.testng.reporters.JUnitReportReporter -->
<testsuite hostname="DESKTOP-T4KLA5G" failures="0" tests="1" name="TestNG.CreateContWithOrgTest" time="53.246" errors="0" timestamp="2023-10-27T13:52:12 IST" skipped="0">
  <testcase classname="TestNG.CreateContWithOrgTest" name="CreateContWithOrg" time="53.246"/>
</testsuite> <!-- TestNG.CreateContWithOrgTest -->
