<?xml version="1.0" encoding="UTF-8"?>
<!-- Generated by org.testng.reporters.JUnitReportReporter -->
<testsuite hostname="DESKTOP-T4KLA5G" failures="0" tests="1" name="TestNG.CreateContactsDetailsTest" time="41.908" errors="0" timestamp="2023-10-27T13:48:22 IST" skipped="0">
  <testcase classname="TestNG.CreateContactsDetailsTest" name="CreateContactsDetails" time="41.908"/>
</testsuite> <!-- TestNG.CreateContactsDetailsTest -->
