<?xml version="1.0" encoding="UTF-8"?>
<!-- Generated by org.testng.reporters.JUnitReportReporter -->
<testsuite hostname="DESKTOP-T4KLA5G" failures="0" tests="6" name="Practise.TestNgP1" time="0.017" errors="0" timestamp="2023-10-25T11:02:52 IST" skipped="1">
  <testcase classname="Practise.TestNgP1" name="modifycustomer" time="0.010"/>
  <system-out/>
  <testcase classname="Practise.TestNgP1" name="modifycustomer" time="0.002"/>
  <system-out/>
  <testcase classname="Practise.TestNgP1" name="modifycustomer" time="0.002"/>
  <system-out/>
  <testcase classname="Practise.TestNgP1" name="createcustomer" time="0.002"/>
  <system-out/>
  <testcase classname="Practise.TestNgP1" name="createcustomer" time="0.001"/>
  <system-out/>
  <testcase classname="Practise.TestNgP1" name="customerdeleted">
    <skipped/>
  </testcase> <!-- customerdeleted -->
  <system-out/>
</testsuite> <!-- Practise.TestNgP1 -->
