<?xml version="1.0" encoding="UTF-8"?>
<!-- Generated by org.testng.reporters.JUnitReportReporter -->
<testsuite hostname="DESKTOP-T4KLA5G" failures="0" tests="3" name="Practise.ScenarioTest" time="83.702" errors="0" timestamp="2023-10-25T10:53:07 IST" skipped="0">
  <testcase classname="Practise.ScenarioTest" name="ScenarioTest" time="25.999"/>
  <system-out/>
  <testcase classname="Practise.ScenarioTest" name="ScenarioTest" time="27.945"/>
  <system-out/>
  <testcase classname="Practise.ScenarioTest" name="ScenarioTest" time="29.758"/>
  <system-out/>
</testsuite> <!-- Practise.ScenarioTest -->
