<?xml version="1.0" encoding="UTF-8"?>
<!-- Generated by org.testng.reporters.JUnitReportReporter -->
<testsuite hostname="DESKTOP-T4KLA5G" failures="0" tests="1" name="TestNG.CreateOrganizationTest" time="21.577" errors="0" timestamp="2023-10-27T14:44:32 IST" skipped="0">
  <testcase classname="TestNG.CreateOrganizationTest" name="CreateOrganization" time="21.577"/>
</testsuite> <!-- TestNG.CreateOrganizationTest -->
