<?xml version="1.0" encoding="UTF-8"?>
<!-- Generated by org.testng.reporters.JUnitReportReporter -->
<testsuite hostname="DESKTOP-T4KLA5G" failures="0" tests="1" name="ItestListeners.CreateContactsDetailsTest" time="31.880" errors="0" timestamp="2023-11-02T13:47:30 IST" skipped="0">
  <testcase classname="ItestListeners.CreateContactsDetailsTest" name="CreateContactsDetails" time="31.880"/>
</testsuite> <!-- ItestListeners.CreateContactsDetailsTest -->
