<?xml version="1.0" encoding="UTF-8"?>
<!-- Generated by org.testng.reporters.JUnitXMLReporter -->
<testsuite ignored="0" hostname="DESKTOP-T4KLA5G" failures="0" tests="1" name="Test-TestRun2" time="37.764" errors="0" timestamp="2023-11-01T11:26:22 IST">
  <testcase classname="TestNG_Org_Cont.CreateContWithOrgTest" name="CreateContWithOrg" time="16.647"/>
</testsuite> <!-- Test-TestRun2 -->
