<?xml version="1.0" encoding="UTF-8"?>
<!-- Generated by org.testng.reporters.JUnitXMLReporter -->
<testsuite ignored="0" hostname="DESKTOP-T4KLA5G" failures="0" tests="1" name="Test-Run1" time="46.002" errors="0" timestamp="2023-11-01T15:07:18 IST">
  <testcase classname="TestNG_Org_Cont.CreateContactsDetailsTest" name="CreateContactsDetails" time="21.698"/>
</testsuite> <!-- Test-Run1 -->
