<?xml version="1.0" encoding="UTF-8"?>
<!-- Generated by org.testng.reporters.JUnitXMLReporter -->
<testsuite ignored="0" hostname="DESKTOP-T4KLA5G" failures="0" tests="1" name="Test-Run2" time="49.657" errors="0" timestamp="2023-11-01T15:07:22 IST">
  <testcase classname="TestNG_Org_Cont.CreateContWithOrgTest" name="CreateContWithOrg" time="25.122"/>
</testsuite> <!-- Test-Run2 -->
