<?xml version="1.0" encoding="UTF-8"?>
<!-- Generated by org.testng.reporters.JUnitXMLReporter -->
<testsuite ignored="0" hostname="DESKTOP-T4KLA5G" failures="0" tests="1" name="Test-Runner2" time="44.178" errors="0" timestamp="2023-11-01T14:03:28 IST">
  <testcase classname="TestNG_Vndr_Prdt.CreatePrdtwithDropDsTest" name="CreatePrdtwithDropDs" time="21.293"/>
</testsuite> <!-- Test-Runner2 -->
